<?xml version="1.0" encoding="UTF-8"?>
<testsuite name="SelenideSampleTest" tests="1" skipped="0" failures="0" errors="0" timestamp="2019-10-14T07:02:30" hostname="HUANGnoMacBook-ea.local" time="5.789">
  <properties/>
  <testcase name="testGoogleSearch" classname="SelenideSampleTest" time="5.789"/>
  <system-out><![CDATA[]]></system-out>
  <system-err><![CDATA[SLF4J: Failed to load class "org.slf4j.impl.StaticLoggerBinder".
SLF4J: Defaulting to no-operation (NOP) logger implementation
SLF4J: See http://www.slf4j.org/codes.html#StaticLoggerBinder for further details.
情報: No webdriver is bound to current thread: 10 - let's create a new webdriver [月 10 14 16:02:30 JST 2019]
Starting ChromeDriver 77.0.3865.40 (f484704e052e0b556f8030b65b953dce96503217-refs/branch-heads/3865@{#442}) on port 33680
Only local connections are allowed.
Please protect ports used by ChromeDriver and related test frameworks to prevent access by malicious code.
情報: Detected dialect: W3C [月 10 14 16:02:32 JST 2019]
情報: Set browser size to 1366x768 [月 10 14 16:02:32 JST 2019]
情報: BrowserName=chrome Version=77.0.3865.90 Platform=MAC [月 10 14 16:02:33 JST 2019]
情報: Selenide v. 5.3.1 [月 10 14 16:02:33 JST 2019]
情報: Selenium WebDriver v. 3.141.59 build time: 2018-11-14T08:17:03 [月 10 14 16:02:33 JST 2019]
情報: Create webdriver in current thread 10: ChromeDriver -> ChromeDriver: chrome on MAC (04fed988c4c22864dd1ec04ab13143e1) [月 10 14 16:02:33 JST 2019]
]]></system-err>
</testsuite>
