<?xml version="1.0" encoding="UTF-8"?>
<testsuite name="MinkaraPartsSearchTest" tests="1" skipped="0" failures="1" errors="0" timestamp="2019-10-14T13:44:35" hostname="HUANGnoMacBook-ea.local" time="23.399">
  <properties/>
  <testcase name="keywordSearchTest" classname="MinkaraPartsSearchTest" time="23.399">
    <failure message="com.codeborne.selenide.ex.ListSizeMismatch: List size mismatch: expected: = 10, actual: 20, collection: .item-common&#10;Elements: [&#10;&#9;&lt;li class=&quot;item-common&quot; value=&quot;0&quot;&gt;この商品の&#10;レビューを書く&#10;NEXTRY 155/65R13&#10;メーカー BRIDGESTONE&#10;ブランド NEXTRY&#10;シリーズ NEXTRY&#10;評価 4.12 （191 件）&#10;購入価格 19,800円&#10;カテゴリ&#10;タイヤ・ホイール タイヤ&#10;このカテゴリの取付店を探す&#10;タイヤタイプ エコ&#10;ユーザーの最新投稿 2019年10月14日&#10;昔のスニーカーより乗り心地良く静か。 グリップは馴らし中なので不明。 購入金額は取替工賃、廃棄も全てコミコミ４本の値段。&#10;のん(￣▽￣)ゞ （愛車：ダイハツ ムーヴカスタム）&lt;/li&gt;,&#10;&#9;&lt;li class=&quot;item-common&quot; value=&quot;0&quot;&gt;この商品の&#10;レビューを書く&#10;REGNO GR-XⅡ 175/65R14&#10;メーカー BRIDGESTONE&#10;ブランド REGNO&#10;シリーズ REGNO GR-XⅡ&#10;評価 4.67 （3 件）&#10;カテゴリ&#10;タイヤ・ホイール タイヤ&#10;このカテゴリの取付店を探す&#10;タイヤタイプ コンフォート&#10;ユーザーの最新投稿 2019年10月13日&#10;【再レビュー】(2019/10/13) 取付後の感想ですが、 同じホイールに付け替えないときちんとした比較が出来ないなぁと、、、 それでもロードノイズはエナセーブより格段に良くなったのは実感！！ 気 ...&#10;ゲススター （愛車：スズキ ハスラー）&lt;/li&gt;,&#10;&#9;&lt;li class=&quot;item-common&quot; value=&quot;0&quot;&gt;この商品の&#10;レビューを書く&#10;BLIZZAK VRX2 215/60R16&#10;メーカー BRIDGESTONE&#10;ブランド BLIZZAK&#10;シリーズ BLIZZAK VRX2&#10;評価 4.8 （20 件）&#10;購入価格 112,480円&#10;カテゴリ&#10;タイヤ・ホイール タイヤ&#10;このカテゴリの取付店を探す&#10;タイヤタイプ スタッドレス&#10;ユーザーの最新投稿 2019年10月13日&#10;2019/9/8購入 5シーズン履いたBLIZZAK VRX 215/60R16のタイヤ処分料とバルブ料金と旧タイヤと入れ替え工賃料含む&#10;ウメボシ （愛車：ホンダ ヴェゼルハイブリッド）&lt;/li&gt;,&#10;&#9;&lt;li class=&quot;item-common&quot; value=&quot;0&quot;&gt;この商品の&#10;レビューを書く&#10;POTENZA S007A 245/35R20&#10;メーカー BRIDGESTONE&#10;シリーズ POTENZA S007A&#10;評価 - （2 件）&#10;カテゴリ&#10;タイヤ・ホイール タイヤ&#10;このカテゴリの取付店を探す&#10;タイヤタイプ スポーツ&#10;ユーザーの最新投稿 2019年10月13日&#10;公式紹介動画にて『グミ感』という言葉で語られていましたが、しっかり粘ってグリップするという感覚はよく分かります。 ゴツゴツせずにギュッとグリップするって感じです。 因みに、『Made in 諸外国し ...&#10;猫の親方 （愛車：日産 スカイライン ハイブリッド）&lt;/li&gt;,&#10;&#9;&lt;li class=&quot;item-common&quot; value=&quot;0&quot;&gt;この商品の&#10;レビューを書く&#10;スーパーR.A.P&#10;メーカー BRIDGESTONE&#10;評価 4.62 （193 件）&#10;カテゴリ&#10;タイヤ・ホイール ホイール&#10;このカテゴリの取付店を探す&#10;ユーザーの最新投稿 2019年10月13日&#10;おしょう様からの頂き物です。 ５.５Ｊ +３８ １３インチ 以前 保有していたのですが 再度入手です。&#10;のぶのぶ輪業 （愛車：スズキ キャリイトラック）&lt;/li&gt;,&#10;&#9;&lt;li class=&quot;item-common&quot; value=&quot;0&quot;&gt;この商品の&#10;レビューを書く&#10;POTENZA S001 235/40R18&#10;メーカー BRIDGESTONE&#10;ブランド POTENZA&#10;シリーズ POTENZA S001&#10;評価 4.43 （40 件）&#10;購入価格 73,000円&#10;カテゴリ&#10;タイヤ・ホイール タイヤ&#10;このカテゴリの取付店を探す&#10;タイヤタイプ スポーツ&#10;ユーザーの最新投稿 2019年10月13日&#10;ブリジストン。ポテンザ 。イイ響き^_^ 　輸入品　ハンガリー産ブリジストン。コスパ最高。この価格でポテンザ S001です。大満足です。RE050履いて以来のポテンザ 性能はお墨付ですよね？&#10;ﾁｸﾘﾝ （愛車：スバル インプレッサ WRX STI）&lt;/li&gt;,&#10;&#9;&lt;li class=&quot;item-common&quot; value=&quot;0&quot;&gt;この商品の&#10;レビューを書く&#10;POTENZA RE050 235/40R18&#10;メーカー BRIDGESTONE&#10;ブランド POTENZA&#10;シリーズ POTENZA RE050&#10;評価 4.0 （6 件）&#10;カテゴリ&#10;タイヤ・ホイール タイヤ&#10;このカテゴリの取付店を探す&#10;タイヤタイプ スポーツ&#10;ユーザーの最新投稿 2019年10月13日&#10;ノーマルに戻して出発&#10;風雅 龍眠 （愛車：スバル レガシィB4）&lt;/li&gt;,&#10;&#9;&lt;li class=&quot;item-common&quot; value=&quot;0&quot;&gt;この商品の&#10;レビューを書く&#10;ECOPIA NH100 RV 195/60R16&#10;メーカー BRIDGESTONE&#10;ブランド ECOPIA&#10;シリーズ ECOPIA NH100 RV&#10;評価 4.5 （4 件）&#10;カテゴリ&#10;タイヤ・ホイール タイヤ&#10;このカテゴリの取付店を探す&#10;タイヤタイプ エコ&#10;ユーザーの最新投稿 2019年10月13日&#10;余ってた中古をF2本に取り付け。19年製&#10;akimo （愛車：日産 セレナ）&lt;/li&gt;,&#10;&#9;&lt;li class=&quot;item-common&quot; value=&quot;0&quot;&gt;この商品の&#10;レビューを書く&#10;BLIZZAK VRX2 235/45R18&#10;メーカー BRIDGESTONE&#10;ブランド BLIZZAK&#10;シリーズ BLIZZAK VRX2&#10;評価 4.75 （4 件）&#10;購入価格 151,000円&#10;カテゴリ&#10;タイヤ・ホイール タイヤ&#10;このカテゴリの取付店を探す&#10;タイヤタイプ スタッドレス&#10;ユーザーの最新投稿 2019年10月12日&#10;スタッドレスの中で最高性能。 当然ながらお値段も… 雪上走行後 レビューします。&#10;two-suke （愛車：トヨタ マークX G's）&lt;/li&gt;,&#10;&#9;&lt;li class=&quot;item-common&quot; value=&quot;0&quot;&gt;この商品の&#10;レビューを書く&#10;POTENZA S007A 215/45R18&#10;メーカー BRIDGESTONE&#10;シリーズ POTENZA S007A&#10;評価 4.82 （17 件）&#10;カテゴリ&#10;タイヤ・ホイール タイヤ&#10;このカテゴリの取付店を探す&#10;タイヤタイプ スポーツ&#10;ユーザーの最新投稿 2019年10月12日&#10;s001がモデルチェンジしていたので今回はコレになりました?? サイズは前回と同じ215/45にしましたー！&#10;まあ坊。 （愛車：トヨタ ハイエースバン）&lt;/li&gt;,&#10;&#9;&lt;li class=&quot;item-common&quot; value=&quot;0&quot;&gt;この商品の&#10;レビューを書く&#10;BLIZZAK VRX2 215/45R17&#10;メーカー BRIDGESTONE&#10;ブランド BLIZZAK&#10;シリーズ BLIZZAK VRX2&#10;評価 4.63 （19 件）&#10;カテゴリ&#10;タイヤ・ホイール タイヤ&#10;このカテゴリの取付店を探す&#10;タイヤタイプ スタッドレス&#10;ユーザーの最新投稿 2019年10月12日&#10;増税前に購入。 いつ履き替えよかな&#10;kazlega （愛車：スバル レガシィツーリングワゴン）&lt;/li&gt;,&#10;&#9;&lt;li class=&quot;item-common&quot; value=&quot;0&quot;&gt;この商品の&#10;レビューを書く&#10;NEXTRY 185/65R15&#10;メーカー BRIDGESTONE&#10;ブランド NEXTRY&#10;シリーズ NEXTRY&#10;評価 3.5 （12 件）&#10;購入価格 9,700円&#10;カテゴリ&#10;タイヤ・ホイール タイヤ&#10;このカテゴリの取付店を探す&#10;タイヤタイプ エコ&#10;ユーザーの最新投稿 2019年10月12日&#10;新品購入して約20,000km走行。 4本の各残溝は 5.2mm、4.8mm、4.6mm、4.8mm デミオの指定内圧、前:260KPa、後:230KPaでは乗り心地が非常に悪く突き上げ感が強い ...&#10;だぶる。 （愛車：マツダ デミオ）&lt;/li&gt;,&#10;&#9;&lt;li class=&quot;item-common&quot; value=&quot;0&quot;&gt;この商品の&#10;レビューを書く&#10;REGNO GR-XⅡ 225/50R17&#10;メーカー BRIDGESTONE&#10;ブランド REGNO&#10;シリーズ REGNO GR-XⅡ&#10;評価 - （1 件）&#10;カテゴリ&#10;タイヤ・ホイール タイヤ&#10;このカテゴリの取付店を探す&#10;タイヤタイプ コンフォート&#10;ユーザーの最新投稿 2019年10月12日&#10;台風の名古屋で時間を持て余したのでみんカラをしよう。本件では初夏に導入したレグノGR-XIIの私見レビューである。 ［市街地編］ ここ数年は9月末に差し掛かっても夏日が続く事が多い。私用で都内を横 ...&#10;Lucas3.0 （愛車：メルセデス・ベンツ Cクラス セダン）&lt;/li&gt;,&#10;&#9;&lt;li class=&quot;item-common&quot; value=&quot;0&quot;&gt;この商品の&#10;レビューを書く&#10;REGNO GR-XⅡ 175/65R15&#10;メーカー BRIDGESTONE&#10;ブランド REGNO&#10;シリーズ REGNO GR-XⅡ&#10;評価 4.63 （8 件）&#10;カテゴリ&#10;タイヤ・ホイール タイヤ&#10;このカテゴリの取付店を探す&#10;タイヤタイプ コンフォート&#10;ユーザーの最新投稿 2019年10月12日&#10;乗り心地重視のため純正サイズのレグノをチョイス。 音はそれなりに静かだけど、ちょっと硬い感じもしないでもない。 高価なタイヤを履かせた満足感はあるけど、価格なりの効果があるかと訊かれたら… う～ん ...&#10;色白アクシオ （愛車：トヨタ カローラアクシオハイブリッド）&lt;/li&gt;,&#10;&#9;&lt;li class=&quot;item-common&quot; value=&quot;0&quot;&gt;この商品の&#10;レビューを書く&#10;BLIZZAK VRX2 205/60R16&#10;メーカー BRIDGESTONE&#10;ブランド BLIZZAK&#10;シリーズ BLIZZAK VRX2&#10;評価 4.8 （45 件）&#10;購入価格 85,879円&#10;カテゴリ&#10;タイヤ・ホイール タイヤ&#10;このカテゴリの取付店を探す&#10;タイヤタイプ スタッドレス&#10;ユーザーの最新投稿 2019年10月12日&#10;冬に備えて増税後のポイント還元を狙って買いました。 やはり、増税前よりポイントでのバックが多かったので少しは安価に買えました。 ファミリーカーなので、安心の国産タイヤです。 以前履いていたVRXより ...&#10;HAL4575 （愛車：ホンダ ステップワゴンスパーダ）&lt;/li&gt;,&#10;&#9;&lt;li class=&quot;item-common&quot; value=&quot;0&quot;&gt;この商品の&#10;レビューを書く&#10;レグノ&#10;メーカー BRIDGESTONE&#10;評価 4.43 （81 件）&#10;購入価格 99,800円&#10;カテゴリ&#10;タイヤ・ホイール タイヤ・ホイールセット&#10;このカテゴリの取付店を探す&#10;ユーザーの最新投稿 2019年10月11日&#10;225/45R18 ヤフオクで買いました ディラーに直送してもらいました。 作業はディラーでしました。 アジアンタイヤからの交換だからなのか、めっちゃ静かです。 レグノを履いたら他履けないっ ...&#10;ユンカース4001 （愛車：日産 ティアナ）&lt;/li&gt;,&#10;&#9;&lt;li class=&quot;item-common&quot; value=&quot;0&quot;&gt;この商品の&#10;レビューを書く&#10;BLIZZAK VRX 195/65R15&#10;メーカー BRIDGESTONE&#10;ブランド BLIZZAK&#10;シリーズ BLIZZAK VRX&#10;評価 4.57 （211 件）&#10;購入価格 60,000円&#10;カテゴリ&#10;タイヤ・ホイール タイヤ&#10;このカテゴリの取付店を探す&#10;タイヤタイプ スタッドレス&#10;ユーザーの最新投稿 2019年10月11日&#10;まだ１～２シーズンは乗れるかな？って溝でしたが5年目なのと子供が産まれて嫁さんから 『プロなんだから乗れるかな？では困る』 と、一喝されてしまったので今年は新しくしました VRX２と悩んだのですが ...&#10;◇ イチゴ ◇ （愛車：トヨタ ヴォクシー）&lt;/li&gt;,&#10;&#9;&lt;li class=&quot;item-common&quot; value=&quot;0&quot;&gt;この商品の&#10;レビューを書く&#10;ECO FORME CRS 12&#10;メーカー BRIDGESTONE&#10;評価 4.59 （32 件）&#10;カテゴリ&#10;タイヤ・ホイール ホイール&#10;このカテゴリの取付店を探す&#10;ユーザーの最新投稿 2019年10月11日&#10;お客さんが乗り換えるとの事で譲って頂きました 一応、軽量ホイールなのとカラーリングがシルバーポリッシュなので足元が少しは華やかになるかな？と思っています スノーエディションとは言っても冬の塩カリはち ...&#10;◇ イチゴ ◇ （愛車：トヨタ ヴォクシー）&lt;/li&gt;,&#10;&#9;&lt;li class=&quot;item-common&quot; value=&quot;0&quot;&gt;この商品の&#10;レビューを書く&#10;POTENZA S007A 245/40R18&#10;メーカー BRIDGESTONE&#10;シリーズ POTENZA S007A&#10;評価 4.58 （24 件）&#10;カテゴリ&#10;タイヤ・ホイール タイヤ&#10;このカテゴリの取付店を探す&#10;タイヤタイプ スポーツ&#10;ユーザーの最新投稿 2019年10月11日&#10;三菱ランサーエボリューションXのカスタマイズです。ポテンザ アドレナリン SW005には、ポテンザ S007Aを組み合わせました。S007A専用コンパウンドを採用することでドライでのハンドリング性能 ...&#10;cockpit （愛車：三菱 ランサーエボリューションX）&lt;/li&gt;,&#10;&#9;&lt;li class=&quot;item-common&quot; value=&quot;0&quot;&gt;この商品の&#10;レビューを書く&#10;ECOPIA NH100 C 175/65R15&#10;メーカー BRIDGESTONE&#10;ブランド ECOPIA&#10;シリーズ ECOPIA NH100 C&#10;評価 4.5 （8 件）&#10;カテゴリ&#10;タイヤ・ホイール タイヤ&#10;このカテゴリの取付店を探す&#10;タイヤタイプ エコ&#10;ユーザーの最新投稿 2019年10月11日&#10;私が5年乗ってたカローラフィールダーハイブリッドからのお下がりです。ホイールはDUFACTと書いてあります。 母のダンロップのエナセーブと交換しましたが、エナセーブとの違いはよく分かりません。&#10;一成1121 （愛車：トヨタ アクア）&lt;/li&gt;&#10;]&#10;Screenshot: file:/Users/teru/git/selenide-sample/selenide-practice/build/reports/tests/1571060698866.0.png&#10;Page source: file:/Users/teru/git/selenide-sample/selenide-practice/build/reports/tests/1571060698866.0.html&#10;Timeout: 4 s." type="com.codeborne.selenide.ex.ListSizeMismatch">com.codeborne.selenide.ex.ListSizeMismatch: List size mismatch: expected: = 10, actual: 20, collection: .item-common
Elements: [
	&lt;li class=&quot;item-common&quot; value=&quot;0&quot;&gt;この商品の
レビューを書く
NEXTRY 155/65R13
メーカー BRIDGESTONE
ブランド NEXTRY
シリーズ NEXTRY
評価 4.12 （191 件）
購入価格 19,800円
カテゴリ
タイヤ・ホイール タイヤ
このカテゴリの取付店を探す
タイヤタイプ エコ
ユーザーの最新投稿 2019年10月14日
昔のスニーカーより乗り心地良く静か。 グリップは馴らし中なので不明。 購入金額は取替工賃、廃棄も全てコミコミ４本の値段。
のん(￣▽￣)ゞ （愛車：ダイハツ ムーヴカスタム）&lt;/li&gt;,
	&lt;li class=&quot;item-common&quot; value=&quot;0&quot;&gt;この商品の
レビューを書く
REGNO GR-XⅡ 175/65R14
メーカー BRIDGESTONE
ブランド REGNO
シリーズ REGNO GR-XⅡ
評価 4.67 （3 件）
カテゴリ
タイヤ・ホイール タイヤ
このカテゴリの取付店を探す
タイヤタイプ コンフォート
ユーザーの最新投稿 2019年10月13日
【再レビュー】(2019/10/13) 取付後の感想ですが、 同じホイールに付け替えないときちんとした比較が出来ないなぁと、、、 それでもロードノイズはエナセーブより格段に良くなったのは実感！！ 気 ...
ゲススター （愛車：スズキ ハスラー）&lt;/li&gt;,
	&lt;li class=&quot;item-common&quot; value=&quot;0&quot;&gt;この商品の
レビューを書く
BLIZZAK VRX2 215/60R16
メーカー BRIDGESTONE
ブランド BLIZZAK
シリーズ BLIZZAK VRX2
評価 4.8 （20 件）
購入価格 112,480円
カテゴリ
タイヤ・ホイール タイヤ
このカテゴリの取付店を探す
タイヤタイプ スタッドレス
ユーザーの最新投稿 2019年10月13日
2019/9/8購入 5シーズン履いたBLIZZAK VRX 215/60R16のタイヤ処分料とバルブ料金と旧タイヤと入れ替え工賃料含む
ウメボシ （愛車：ホンダ ヴェゼルハイブリッド）&lt;/li&gt;,
	&lt;li class=&quot;item-common&quot; value=&quot;0&quot;&gt;この商品の
レビューを書く
POTENZA S007A 245/35R20
メーカー BRIDGESTONE
シリーズ POTENZA S007A
評価 - （2 件）
カテゴリ
タイヤ・ホイール タイヤ
このカテゴリの取付店を探す
タイヤタイプ スポーツ
ユーザーの最新投稿 2019年10月13日
公式紹介動画にて『グミ感』という言葉で語られていましたが、しっかり粘ってグリップするという感覚はよく分かります。 ゴツゴツせずにギュッとグリップするって感じです。 因みに、『Made in 諸外国し ...
猫の親方 （愛車：日産 スカイライン ハイブリッド）&lt;/li&gt;,
	&lt;li class=&quot;item-common&quot; value=&quot;0&quot;&gt;この商品の
レビューを書く
スーパーR.A.P
メーカー BRIDGESTONE
評価 4.62 （193 件）
カテゴリ
タイヤ・ホイール ホイール
このカテゴリの取付店を探す
ユーザーの最新投稿 2019年10月13日
おしょう様からの頂き物です。 ５.５Ｊ +３８ １３インチ 以前 保有していたのですが 再度入手です。
のぶのぶ輪業 （愛車：スズキ キャリイトラック）&lt;/li&gt;,
	&lt;li class=&quot;item-common&quot; value=&quot;0&quot;&gt;この商品の
レビューを書く
POTENZA S001 235/40R18
メーカー BRIDGESTONE
ブランド POTENZA
シリーズ POTENZA S001
評価 4.43 （40 件）
購入価格 73,000円
カテゴリ
タイヤ・ホイール タイヤ
このカテゴリの取付店を探す
タイヤタイプ スポーツ
ユーザーの最新投稿 2019年10月13日
ブリジストン。ポテンザ 。イイ響き^_^ 　輸入品　ハンガリー産ブリジストン。コスパ最高。この価格でポテンザ S001です。大満足です。RE050履いて以来のポテンザ 性能はお墨付ですよね？
ﾁｸﾘﾝ （愛車：スバル インプレッサ WRX STI）&lt;/li&gt;,
	&lt;li class=&quot;item-common&quot; value=&quot;0&quot;&gt;この商品の
レビューを書く
POTENZA RE050 235/40R18
メーカー BRIDGESTONE
ブランド POTENZA
シリーズ POTENZA RE050
評価 4.0 （6 件）
カテゴリ
タイヤ・ホイール タイヤ
このカテゴリの取付店を探す
タイヤタイプ スポーツ
ユーザーの最新投稿 2019年10月13日
ノーマルに戻して出発
風雅 龍眠 （愛車：スバル レガシィB4）&lt;/li&gt;,
	&lt;li class=&quot;item-common&quot; value=&quot;0&quot;&gt;この商品の
レビューを書く
ECOPIA NH100 RV 195/60R16
メーカー BRIDGESTONE
ブランド ECOPIA
シリーズ ECOPIA NH100 RV
評価 4.5 （4 件）
カテゴリ
タイヤ・ホイール タイヤ
このカテゴリの取付店を探す
タイヤタイプ エコ
ユーザーの最新投稿 2019年10月13日
余ってた中古をF2本に取り付け。19年製
akimo （愛車：日産 セレナ）&lt;/li&gt;,
	&lt;li class=&quot;item-common&quot; value=&quot;0&quot;&gt;この商品の
レビューを書く
BLIZZAK VRX2 235/45R18
メーカー BRIDGESTONE
ブランド BLIZZAK
シリーズ BLIZZAK VRX2
評価 4.75 （4 件）
購入価格 151,000円
カテゴリ
タイヤ・ホイール タイヤ
このカテゴリの取付店を探す
タイヤタイプ スタッドレス
ユーザーの最新投稿 2019年10月12日
スタッドレスの中で最高性能。 当然ながらお値段も… 雪上走行後 レビューします。
two-suke （愛車：トヨタ マークX G's）&lt;/li&gt;,
	&lt;li class=&quot;item-common&quot; value=&quot;0&quot;&gt;この商品の
レビューを書く
POTENZA S007A 215/45R18
メーカー BRIDGESTONE
シリーズ POTENZA S007A
評価 4.82 （17 件）
カテゴリ
タイヤ・ホイール タイヤ
このカテゴリの取付店を探す
タイヤタイプ スポーツ
ユーザーの最新投稿 2019年10月12日
s001がモデルチェンジしていたので今回はコレになりました?? サイズは前回と同じ215/45にしましたー！
まあ坊。 （愛車：トヨタ ハイエースバン）&lt;/li&gt;,
	&lt;li class=&quot;item-common&quot; value=&quot;0&quot;&gt;この商品の
レビューを書く
BLIZZAK VRX2 215/45R17
メーカー BRIDGESTONE
ブランド BLIZZAK
シリーズ BLIZZAK VRX2
評価 4.63 （19 件）
カテゴリ
タイヤ・ホイール タイヤ
このカテゴリの取付店を探す
タイヤタイプ スタッドレス
ユーザーの最新投稿 2019年10月12日
増税前に購入。 いつ履き替えよかな
kazlega （愛車：スバル レガシィツーリングワゴン）&lt;/li&gt;,
	&lt;li class=&quot;item-common&quot; value=&quot;0&quot;&gt;この商品の
レビューを書く
NEXTRY 185/65R15
メーカー BRIDGESTONE
ブランド NEXTRY
シリーズ NEXTRY
評価 3.5 （12 件）
購入価格 9,700円
カテゴリ
タイヤ・ホイール タイヤ
このカテゴリの取付店を探す
タイヤタイプ エコ
ユーザーの最新投稿 2019年10月12日
新品購入して約20,000km走行。 4本の各残溝は 5.2mm、4.8mm、4.6mm、4.8mm デミオの指定内圧、前:260KPa、後:230KPaでは乗り心地が非常に悪く突き上げ感が強い ...
だぶる。 （愛車：マツダ デミオ）&lt;/li&gt;,
	&lt;li class=&quot;item-common&quot; value=&quot;0&quot;&gt;この商品の
レビューを書く
REGNO GR-XⅡ 225/50R17
メーカー BRIDGESTONE
ブランド REGNO
シリーズ REGNO GR-XⅡ
評価 - （1 件）
カテゴリ
タイヤ・ホイール タイヤ
このカテゴリの取付店を探す
タイヤタイプ コンフォート
ユーザーの最新投稿 2019年10月12日
台風の名古屋で時間を持て余したのでみんカラをしよう。本件では初夏に導入したレグノGR-XIIの私見レビューである。 ［市街地編］ ここ数年は9月末に差し掛かっても夏日が続く事が多い。私用で都内を横 ...
Lucas3.0 （愛車：メルセデス・ベンツ Cクラス セダン）&lt;/li&gt;,
	&lt;li class=&quot;item-common&quot; value=&quot;0&quot;&gt;この商品の
レビューを書く
REGNO GR-XⅡ 175/65R15
メーカー BRIDGESTONE
ブランド REGNO
シリーズ REGNO GR-XⅡ
評価 4.63 （8 件）
カテゴリ
タイヤ・ホイール タイヤ
このカテゴリの取付店を探す
タイヤタイプ コンフォート
ユーザーの最新投稿 2019年10月12日
乗り心地重視のため純正サイズのレグノをチョイス。 音はそれなりに静かだけど、ちょっと硬い感じもしないでもない。 高価なタイヤを履かせた満足感はあるけど、価格なりの効果があるかと訊かれたら… う～ん ...
色白アクシオ （愛車：トヨタ カローラアクシオハイブリッド）&lt;/li&gt;,
	&lt;li class=&quot;item-common&quot; value=&quot;0&quot;&gt;この商品の
レビューを書く
BLIZZAK VRX2 205/60R16
メーカー BRIDGESTONE
ブランド BLIZZAK
シリーズ BLIZZAK VRX2
評価 4.8 （45 件）
購入価格 85,879円
カテゴリ
タイヤ・ホイール タイヤ
このカテゴリの取付店を探す
タイヤタイプ スタッドレス
ユーザーの最新投稿 2019年10月12日
冬に備えて増税後のポイント還元を狙って買いました。 やはり、増税前よりポイントでのバックが多かったので少しは安価に買えました。 ファミリーカーなので、安心の国産タイヤです。 以前履いていたVRXより ...
HAL4575 （愛車：ホンダ ステップワゴンスパーダ）&lt;/li&gt;,
	&lt;li class=&quot;item-common&quot; value=&quot;0&quot;&gt;この商品の
レビューを書く
レグノ
メーカー BRIDGESTONE
評価 4.43 （81 件）
購入価格 99,800円
カテゴリ
タイヤ・ホイール タイヤ・ホイールセット
このカテゴリの取付店を探す
ユーザーの最新投稿 2019年10月11日
225/45R18 ヤフオクで買いました ディラーに直送してもらいました。 作業はディラーでしました。 アジアンタイヤからの交換だからなのか、めっちゃ静かです。 レグノを履いたら他履けないっ ...
ユンカース4001 （愛車：日産 ティアナ）&lt;/li&gt;,
	&lt;li class=&quot;item-common&quot; value=&quot;0&quot;&gt;この商品の
レビューを書く
BLIZZAK VRX 195/65R15
メーカー BRIDGESTONE
ブランド BLIZZAK
シリーズ BLIZZAK VRX
評価 4.57 （211 件）
購入価格 60,000円
カテゴリ
タイヤ・ホイール タイヤ
このカテゴリの取付店を探す
タイヤタイプ スタッドレス
ユーザーの最新投稿 2019年10月11日
まだ１～２シーズンは乗れるかな？って溝でしたが5年目なのと子供が産まれて嫁さんから 『プロなんだから乗れるかな？では困る』 と、一喝されてしまったので今年は新しくしました VRX２と悩んだのですが ...
◇ イチゴ ◇ （愛車：トヨタ ヴォクシー）&lt;/li&gt;,
	&lt;li class=&quot;item-common&quot; value=&quot;0&quot;&gt;この商品の
レビューを書く
ECO FORME CRS 12
メーカー BRIDGESTONE
評価 4.59 （32 件）
カテゴリ
タイヤ・ホイール ホイール
このカテゴリの取付店を探す
ユーザーの最新投稿 2019年10月11日
お客さんが乗り換えるとの事で譲って頂きました 一応、軽量ホイールなのとカラーリングがシルバーポリッシュなので足元が少しは華やかになるかな？と思っています スノーエディションとは言っても冬の塩カリはち ...
◇ イチゴ ◇ （愛車：トヨタ ヴォクシー）&lt;/li&gt;,
	&lt;li class=&quot;item-common&quot; value=&quot;0&quot;&gt;この商品の
レビューを書く
POTENZA S007A 245/40R18
メーカー BRIDGESTONE
シリーズ POTENZA S007A
評価 4.58 （24 件）
カテゴリ
タイヤ・ホイール タイヤ
このカテゴリの取付店を探す
タイヤタイプ スポーツ
ユーザーの最新投稿 2019年10月11日
三菱ランサーエボリューションXのカスタマイズです。ポテンザ アドレナリン SW005には、ポテンザ S007Aを組み合わせました。S007A専用コンパウンドを採用することでドライでのハンドリング性能 ...
cockpit （愛車：三菱 ランサーエボリューションX）&lt;/li&gt;,
	&lt;li class=&quot;item-common&quot; value=&quot;0&quot;&gt;この商品の
レビューを書く
ECOPIA NH100 C 175/65R15
メーカー BRIDGESTONE
ブランド ECOPIA
シリーズ ECOPIA NH100 C
評価 4.5 （8 件）
カテゴリ
タイヤ・ホイール タイヤ
このカテゴリの取付店を探す
タイヤタイプ エコ
ユーザーの最新投稿 2019年10月11日
私が5年乗ってたカローラフィールダーハイブリッドからのお下がりです。ホイールはDUFACTと書いてあります。 母のダンロップのエナセーブと交換しましたが、エナセーブとの違いはよく分かりません。
一成1121 （愛車：トヨタ アクア）&lt;/li&gt;
]
Screenshot: file:/Users/teru/git/selenide-sample/selenide-practice/build/reports/tests/1571060698866.0.png
Page source: file:/Users/teru/git/selenide-sample/selenide-practice/build/reports/tests/1571060698866.0.html
Timeout: 4 s.
	at com.codeborne.selenide.collections.ListSize.fail(ListSize.java:24)
	at com.codeborne.selenide.ElementsCollection.waitUntil(ElementsCollection.java:160)
	at com.codeborne.selenide.ElementsCollection.should(ElementsCollection.java:108)
	at com.codeborne.selenide.ElementsCollection.shouldHave(ElementsCollection.java:86)
	at com.codeborne.selenide.ElementsCollection.shouldHaveSize(ElementsCollection.java:66)
	at MinkaraPartsSearchTest.keywordSearchTest(MinkaraPartsSearchTest.java:35)
	at sun.reflect.NativeMethodAccessorImpl.invoke0(Native Method)
	at sun.reflect.NativeMethodAccessorImpl.invoke(NativeMethodAccessorImpl.java:62)
	at sun.reflect.DelegatingMethodAccessorImpl.invoke(DelegatingMethodAccessorImpl.java:43)
	at java.lang.reflect.Method.invoke(Method.java:498)
	at org.junit.runners.model.FrameworkMethod$1.runReflectiveCall(FrameworkMethod.java:50)
	at org.junit.internal.runners.model.ReflectiveCallable.run(ReflectiveCallable.java:12)
	at org.junit.runners.model.FrameworkMethod.invokeExplosively(FrameworkMethod.java:47)
	at org.junit.internal.runners.statements.InvokeMethod.evaluate(InvokeMethod.java:17)
	at org.junit.internal.runners.statements.RunBefores.evaluate(RunBefores.java:26)
	at org.junit.runners.ParentRunner.runLeaf(ParentRunner.java:325)
	at org.junit.runners.BlockJUnit4ClassRunner.runChild(BlockJUnit4ClassRunner.java:78)
	at org.junit.runners.BlockJUnit4ClassRunner.runChild(BlockJUnit4ClassRunner.java:57)
	at org.junit.runners.ParentRunner$3.run(ParentRunner.java:290)
	at org.junit.runners.ParentRunner$1.schedule(ParentRunner.java:71)
	at org.junit.runners.ParentRunner.runChildren(ParentRunner.java:288)
	at org.junit.runners.ParentRunner.access$000(ParentRunner.java:58)
	at org.junit.runners.ParentRunner$2.evaluate(ParentRunner.java:268)
	at org.junit.internal.runners.statements.RunBefores.evaluate(RunBefores.java:26)
	at org.junit.runners.ParentRunner.run(ParentRunner.java:363)
	at org.gradle.api.internal.tasks.testing.junit.JUnitTestClassExecuter.runTestClass(JUnitTestClassExecuter.java:114)
	at org.gradle.api.internal.tasks.testing.junit.JUnitTestClassExecuter.execute(JUnitTestClassExecuter.java:57)
	at org.gradle.api.internal.tasks.testing.junit.JUnitTestClassProcessor.processTestClass(JUnitTestClassProcessor.java:66)
	at org.gradle.api.internal.tasks.testing.SuiteTestClassProcessor.processTestClass(SuiteTestClassProcessor.java:51)
	at sun.reflect.NativeMethodAccessorImpl.invoke0(Native Method)
	at sun.reflect.NativeMethodAccessorImpl.invoke(NativeMethodAccessorImpl.java:62)
	at sun.reflect.DelegatingMethodAccessorImpl.invoke(DelegatingMethodAccessorImpl.java:43)
	at java.lang.reflect.Method.invoke(Method.java:498)
	at org.gradle.internal.dispatch.ReflectionDispatch.dispatch(ReflectionDispatch.java:35)
	at org.gradle.internal.dispatch.ReflectionDispatch.dispatch(ReflectionDispatch.java:24)
	at org.gradle.internal.dispatch.ContextClassLoaderDispatch.dispatch(ContextClassLoaderDispatch.java:32)
	at org.gradle.internal.dispatch.ProxyDispatchAdapter$DispatchingInvocationHandler.invoke(ProxyDispatchAdapter.java:93)
	at com.sun.proxy.$Proxy1.processTestClass(Unknown Source)
	at org.gradle.api.internal.tasks.testing.worker.TestWorker.processTestClass(TestWorker.java:108)
	at sun.reflect.NativeMethodAccessorImpl.invoke0(Native Method)
	at sun.reflect.NativeMethodAccessorImpl.invoke(NativeMethodAccessorImpl.java:62)
	at sun.reflect.DelegatingMethodAccessorImpl.invoke(DelegatingMethodAccessorImpl.java:43)
	at java.lang.reflect.Method.invoke(Method.java:498)
	at org.gradle.internal.dispatch.ReflectionDispatch.dispatch(ReflectionDispatch.java:35)
	at org.gradle.internal.dispatch.ReflectionDispatch.dispatch(ReflectionDispatch.java:24)
	at org.gradle.internal.remote.internal.hub.MessageHubBackedObjectConnection$DispatchWrapper.dispatch(MessageHubBackedObjectConnection.java:146)
	at org.gradle.internal.remote.internal.hub.MessageHubBackedObjectConnection$DispatchWrapper.dispatch(MessageHubBackedObjectConnection.java:128)
	at org.gradle.internal.remote.internal.hub.MessageHub$Handler.run(MessageHub.java:404)
	at org.gradle.internal.concurrent.ExecutorPolicy$CatchAndRecordFailures.onExecute(ExecutorPolicy.java:63)
	at org.gradle.internal.concurrent.ManagedExecutorImpl$1.run(ManagedExecutorImpl.java:46)
	at java.util.concurrent.ThreadPoolExecutor.runWorker(ThreadPoolExecutor.java:1149)
	at java.util.concurrent.ThreadPoolExecutor$Worker.run(ThreadPoolExecutor.java:624)
	at org.gradle.internal.concurrent.ThreadFactoryImpl$ManagedThreadRunnable.run(ThreadFactoryImpl.java:55)
	at java.lang.Thread.run(Thread.java:748)
</failure>
  </testcase>
  <system-out><![CDATA[]]></system-out>
  <system-err><![CDATA[SLF4J: Failed to load class "org.slf4j.impl.StaticLoggerBinder".
SLF4J: Defaulting to no-operation (NOP) logger implementation
SLF4J: See http://www.slf4j.org/codes.html#StaticLoggerBinder for further details.
情報: No webdriver is bound to current thread: 10 - let's create a new webdriver [月 10 14 22:44:35 JST 2019]
Starting ChromeDriver 77.0.3865.40 (f484704e052e0b556f8030b65b953dce96503217-refs/branch-heads/3865@{#442}) on port 41617
Only local connections are allowed.
Please protect ports used by ChromeDriver and related test frameworks to prevent access by malicious code.
情報: Detected dialect: W3C [月 10 14 22:44:37 JST 2019]
情報: Set browser size to 1366x768 [月 10 14 22:44:37 JST 2019]
情報: BrowserName=chrome Version=77.0.3865.90 Platform=MAC [月 10 14 22:44:37 JST 2019]
情報: Selenide v. 5.3.1 [月 10 14 22:44:37 JST 2019]
情報: Selenium WebDriver v. 3.141.59 build time: 2018-11-14T08:17:03 [月 10 14 22:44:37 JST 2019]
情報: Create webdriver in current thread 10: ChromeDriver -> ChromeDriver: chrome on MAC (3b4aa7945acabe6e6aed7ec679dcdf90) [月 10 14 22:44:37 JST 2019]
]]></system-err>
</testsuite>
